Determining if the pthread_create exist failed with the following output:
Change Dir: /home/cuser/Justin/_Euchre/Euchre/build/CMakeFiles/CMakeTmp

Run Build Command:/usr/bin/gmake "cmTryCompileExec2354516806/fast"
/usr/bin/gmake -f CMakeFiles/cmTryCompileExec2354516806.dir/build.make CMakeFiles/cmTryCompileExec2354516806.dir/build
gmake[1]: Entering directory `/home/cuser/Justin/_Euchre/Euchre/build/CMakeFiles/CMakeTmp'
/usr/bin/cmake -E cmake_progress_report /home/cuser/Justin/_Euchre/Euchre/build/CMakeFiles/CMakeTmp/CMakeFiles 1
Building C object CMakeFiles/cmTryCompileExec2354516806.dir/CheckSymbolExists.c.o
/usr/bin/cc    -o CMakeFiles/cmTryCompileExec2354516806.dir/CheckSymbolExists.c.o   -c /home/cuser/Justin/_Euchre/Euchre/build/CMakeFiles/CMakeTmp/CheckSymbolExists.c
Linking C executable cmTryCompileExec2354516806
/usr/bin/cmake -E cmake_link_script CMakeFiles/cmTryCompileExec2354516806.dir/link.txt --verbose=1
/usr/bin/cc       CMakeFiles/cmTryCompileExec2354516806.dir/CheckSymbolExists.c.o  -o cmTryCompileExec2354516806 -rdynamic 
CMakeFiles/cmTryCompileExec2354516806.dir/CheckSymbolExists.c.o: In function `main':
CheckSymbolExists.c:(.text+0x16): undefined reference to `pthread_create'
collect2: error: ld returned 1 exit status
gmake[1]: Leaving directory `/home/cuser/Justin/_Euchre/Euchre/build/CMakeFiles/CMakeTmp'
gmake[1]: *** [cmTryCompileExec2354516806] Error 1
gmake: *** [cmTryCompileExec2354516806/fast] Error 2

File /home/cuser/Justin/_Euchre/Euchre/build/CMakeFiles/CMakeTmp/CheckSymbolExists.c:
/* */
#include <pthread.h>

int main(int argc, char** argv)
{
  (void)argv;
#ifndef pthread_create
  return ((int*)(&pthread_create))[argc];
#else
  (void)argc;
  return 0;
#endif
}

Determining if the function pthread_create exists in the pthreads failed with the following output:
Change Dir: /home/cuser/Justin/_Euchre/Euchre/build/CMakeFiles/CMakeTmp

Run Build Command:/usr/bin/gmake "cmTryCompileExec3845464843/fast"
/usr/bin/gmake -f CMakeFiles/cmTryCompileExec3845464843.dir/build.make CMakeFiles/cmTryCompileExec3845464843.dir/build
gmake[1]: Entering directory `/home/cuser/Justin/_Euchre/Euchre/build/CMakeFiles/CMakeTmp'
/usr/bin/cmake -E cmake_progress_report /home/cuser/Justin/_Euchre/Euchre/build/CMakeFiles/CMakeTmp/CMakeFiles 1
Building C object CMakeFiles/cmTryCompileExec3845464843.dir/CheckFunctionExists.c.o
/usr/bin/cc   -DCHECK_FUNCTION_EXISTS=pthread_create   -o CMakeFiles/cmTryCompileExec3845464843.dir/CheckFunctionExists.c.o   -c /usr/share/cmake/Modules/CheckFunctionExists.c
Linking C executable cmTryCompileExec3845464843
/usr/bin/cmake -E cmake_link_script CMakeFiles/cmTryCompileExec3845464843.dir/link.txt --verbose=1
/usr/bin/cc   -DCHECK_FUNCTION_EXISTS=pthread_create    CMakeFiles/cmTryCompileExec3845464843.dir/CheckFunctionExists.c.o  -o cmTryCompileExec3845464843 -rdynamic -lpthreads 
gmake[1]: Leaving directory `/home/cuser/Justin/_Euchre/Euchre/build/CMakeFiles/CMakeTmp'
/usr/bin/ld: cannot find -lpthreads
collect2: error: ld returned 1 exit status
gmake[1]: *** [cmTryCompileExec3845464843] Error 1
gmake: *** [cmTryCompileExec3845464843/fast] Error 2


